2019-04-15 23:23:09,383 [main] INFO  com.jason.web.WuWebApplication 50 - Starting WuWebApplication on Lenovo-PC with PID 5096 (C:\Users\meitao\Desktop\workspace\wisdom-union\wu-web\target\classes started by meitao in C:\Users\meitao\Desktop\workspace\wisdom-union\wu-web)
2019-04-15 23:23:09,430 [main] INFO  com.jason.web.WuWebApplication 675 - No active profile set, falling back to default profiles: default
2019-04-15 23:23:10,508 [main] WARN  o.m.s.mapper.ClassPathMapperScanner 44 - No MyBatis mapper was found in '[com.jason.web]' package. Please check your configuration.
2019-04-15 23:23:11,738 [main] INFO  o.s.b.w.e.tomcat.TomcatWebServer 90 - Tomcat initialized with port(s): 8082 (http)
2019-04-15 23:23:11,769 [main] INFO  o.a.catalina.core.StandardService 173 - Starting service [Tomcat]
2019-04-15 23:23:11,769 [main] INFO  o.a.catalina.core.StandardEngine 173 - Starting Servlet engine: [Apache Tomcat/9.0.16]
2019-04-15 23:23:11,785 [main] INFO  o.a.c.core.AprLifecycleListener 173 - The APR based Apache Tomcat Native library which allows optimal performance in production environments was not found on the java.library.path: [D:\java\Software\jdk\bin;C:\windows\Sun\Java\bin;C:\windows\system32;C:\windows;D:/java/Software/jdk/bin/../jre/bin/server;D:/java/Software/jdk/bin/../jre/bin;D:/java/Software/jdk/bin/../jre/lib/amd64;C:\Program Files (x86)\Intel\iCLS Client\;C:\Program Files\Intel\iCLS Client\;C:\windows\system32;C:\windows;C:\windows\System32\Wbem;C:\windows\System32\WindowsPowerShell\v1.0\;C:\Program Files\Intel\Intel(R) Management Engine Components\DAL;C:\Program Files (x86)\Intel\Intel(R) Management Engine Components\DAL;C:\Program Files\Intel\Intel(R) Management Engine Components\IPT;C:\Program Files (x86)\Intel\Intel(R) Management Engine Components\IPT;C:\Program Files (x86)\Lenovo\Motion Control\;C:\Program Files (x86)\Common Files\lenovo\easyplussdk\bin;D:\java\Software\mysql\bin;D:\software\Git\cmd;C:\Program Files\dotnet\;C:\Program Files\Microsoft SQL Server\130\Tools\Binn\;D:\Program Files (x86)\Microsoft Visual Studio\Common\Tools\WinNT;D:\Program Files (x86)\Microsoft Visual Studio\Common\MSDev98\Bin;D:\Program Files (x86)\Microsoft Visual Studio\Common\Tools;D:\Program Files (x86)\Microsoft Visual Studio\VC98\bin;D:\java\Software\jdk\bin;D:\software\maven\apache-maven-3.3.9\bin;D:\java\Software\eclipse\eclipse;;.]
2019-04-15 23:23:11,925 [main] INFO  o.a.c.c.C.[Tomcat].[localhost].[/] 173 - Initializing Spring embedded WebApplicationContext
2019-04-15 23:23:11,925 [main] INFO  o.s.web.context.ContextLoader 296 - Root WebApplicationContext: initialization completed in 2433 ms
2019-04-15 23:23:12,253 [main] WARN  o.s.b.w.s.c.AnnotationConfigServletWebServerApplicationContext 557 - Exception encountered during context initialization - cancelling refresh attempt: org.springframework.beans.factory.UnsatisfiedDependencyException: Error creating bean with name 'subUserServiceImpl': Unsatisfied dependency expressed through field 'baseMapper'; nested exception is org.springframework.beans.factory.NoSuchBeanDefinitionException: No qualifying bean of type 'com.jason.web.mapper.SubUserMapper' available: expected at least 1 bean which qualifies as autowire candidate. Dependency annotations: {@org.springframework.beans.factory.annotation.Autowired(required=true)}
2019-04-15 23:23:12,269 [main] INFO  o.a.catalina.core.StandardService 173 - Stopping service [Tomcat]
2019-04-15 23:23:12,316 [main] INFO  o.s.b.a.l.ConditionEvaluationReportLoggingListener 142 - 

Error starting ApplicationContext. To display the conditions report re-run your application with 'debug' enabled.
2019-04-15 23:24:08,270 [main] INFO  com.jason.web.WuWebApplication 50 - Starting WuWebApplication on Lenovo-PC with PID 2492 (C:\Users\meitao\Desktop\workspace\wisdom-union\wu-web\target\classes started by meitao in C:\Users\meitao\Desktop\workspace\wisdom-union\wu-web)
2019-04-15 23:24:08,270 [main] INFO  com.jason.web.WuWebApplication 675 - No active profile set, falling back to default profiles: default
2019-04-15 23:24:09,192 [main] WARN  o.m.s.mapper.ClassPathMapperScanner 44 - No MyBatis mapper was found in '[com.jason.web]' package. Please check your configuration.
2019-04-15 23:24:10,306 [main] INFO  o.s.b.w.e.tomcat.TomcatWebServer 90 - Tomcat initialized with port(s): 8082 (http)
2019-04-15 23:24:10,369 [main] INFO  o.a.catalina.core.StandardService 173 - Starting service [Tomcat]
2019-04-15 23:24:10,369 [main] INFO  o.a.catalina.core.StandardEngine 173 - Starting Servlet engine: [Apache Tomcat/9.0.16]
2019-04-15 23:24:10,400 [main] INFO  o.a.c.core.AprLifecycleListener 173 - The APR based Apache Tomcat Native library which allows optimal performance in production environments was not found on the java.library.path: [D:\java\Software\jdk\bin;C:\windows\Sun\Java\bin;C:\windows\system32;C:\windows;D:/java/Software/jdk/bin/../jre/bin/server;D:/java/Software/jdk/bin/../jre/bin;D:/java/Software/jdk/bin/../jre/lib/amd64;C:\Program Files (x86)\Intel\iCLS Client\;C:\Program Files\Intel\iCLS Client\;C:\windows\system32;C:\windows;C:\windows\System32\Wbem;C:\windows\System32\WindowsPowerShell\v1.0\;C:\Program Files\Intel\Intel(R) Management Engine Components\DAL;C:\Program Files (x86)\Intel\Intel(R) Management Engine Components\DAL;C:\Program Files\Intel\Intel(R) Management Engine Components\IPT;C:\Program Files (x86)\Intel\Intel(R) Management Engine Components\IPT;C:\Program Files (x86)\Lenovo\Motion Control\;C:\Program Files (x86)\Common Files\lenovo\easyplussdk\bin;D:\java\Software\mysql\bin;D:\software\Git\cmd;C:\Program Files\dotnet\;C:\Program Files\Microsoft SQL Server\130\Tools\Binn\;D:\Program Files (x86)\Microsoft Visual Studio\Common\Tools\WinNT;D:\Program Files (x86)\Microsoft Visual Studio\Common\MSDev98\Bin;D:\Program Files (x86)\Microsoft Visual Studio\Common\Tools;D:\Program Files (x86)\Microsoft Visual Studio\VC98\bin;D:\java\Software\jdk\bin;D:\software\maven\apache-maven-3.3.9\bin;D:\java\Software\eclipse\eclipse;;.]
2019-04-15 23:24:10,588 [main] INFO  o.a.c.c.C.[Tomcat].[localhost].[/] 173 - Initializing Spring embedded WebApplicationContext
2019-04-15 23:24:10,588 [main] INFO  o.s.web.context.ContextLoader 296 - Root WebApplicationContext: initialization completed in 2271 ms
2019-04-15 23:24:10,853 [main] WARN  o.s.b.w.s.c.AnnotationConfigServletWebServerApplicationContext 557 - Exception encountered during context initialization - cancelling refresh attempt: org.springframework.beans.factory.UnsatisfiedDependencyException: Error creating bean with name 'subUserServiceImpl': Unsatisfied dependency expressed through field 'baseMapper'; nested exception is org.springframework.beans.factory.NoSuchBeanDefinitionException: No qualifying bean of type 'com.jason.web.mapper.SubUserMapper' available: expected at least 1 bean which qualifies as autowire candidate. Dependency annotations: {@org.springframework.beans.factory.annotation.Autowired(required=true)}
2019-04-15 23:24:10,869 [main] INFO  o.a.catalina.core.StandardService 173 - Stopping service [Tomcat]
2019-04-15 23:24:10,916 [main] INFO  o.s.b.a.l.ConditionEvaluationReportLoggingListener 142 - 

Error starting ApplicationContext. To display the conditions report re-run your application with 'debug' enabled.
2019-04-15 23:26:02,891 [main] INFO  com.jason.web.WuWebApplication 50 - Starting WuWebApplication on Lenovo-PC with PID 6136 (C:\Users\meitao\Desktop\workspace\wisdom-union\wu-web\target\classes started by meitao in C:\Users\meitao\Desktop\workspace\wisdom-union\wu-web)
2019-04-15 23:26:02,891 [main] INFO  com.jason.web.WuWebApplication 675 - No active profile set, falling back to default profiles: default
2019-04-15 23:26:05,110 [main] INFO  o.s.b.w.e.tomcat.TomcatWebServer 90 - Tomcat initialized with port(s): 8082 (http)
2019-04-15 23:26:05,148 [main] INFO  o.a.catalina.core.StandardService 173 - Starting service [Tomcat]
2019-04-15 23:26:05,148 [main] INFO  o.a.catalina.core.StandardEngine 173 - Starting Servlet engine: [Apache Tomcat/9.0.16]
2019-04-15 23:26:05,164 [main] INFO  o.a.c.core.AprLifecycleListener 173 - The APR based Apache Tomcat Native library which allows optimal performance in production environments was not found on the java.library.path: [D:\java\Software\jdk\bin;C:\windows\Sun\Java\bin;C:\windows\system32;C:\windows;D:/java/Software/jdk/bin/../jre/bin/server;D:/java/Software/jdk/bin/../jre/bin;D:/java/Software/jdk/bin/../jre/lib/amd64;C:\Program Files (x86)\Intel\iCLS Client\;C:\Program Files\Intel\iCLS Client\;C:\windows\system32;C:\windows;C:\windows\System32\Wbem;C:\windows\System32\WindowsPowerShell\v1.0\;C:\Program Files\Intel\Intel(R) Management Engine Components\DAL;C:\Program Files (x86)\Intel\Intel(R) Management Engine Components\DAL;C:\Program Files\Intel\Intel(R) Management Engine Components\IPT;C:\Program Files (x86)\Intel\Intel(R) Management Engine Components\IPT;C:\Program Files (x86)\Lenovo\Motion Control\;C:\Program Files (x86)\Common Files\lenovo\easyplussdk\bin;D:\java\Software\mysql\bin;D:\software\Git\cmd;C:\Program Files\dotnet\;C:\Program Files\Microsoft SQL Server\130\Tools\Binn\;D:\Program Files (x86)\Microsoft Visual Studio\Common\Tools\WinNT;D:\Program Files (x86)\Microsoft Visual Studio\Common\MSDev98\Bin;D:\Program Files (x86)\Microsoft Visual Studio\Common\Tools;D:\Program Files (x86)\Microsoft Visual Studio\VC98\bin;D:\java\Software\jdk\bin;D:\software\maven\apache-maven-3.3.9\bin;D:\java\Software\eclipse\eclipse;;.]
2019-04-15 23:26:05,320 [main] INFO  o.a.c.c.C.[Tomcat].[localhost].[/] 173 - Initializing Spring embedded WebApplicationContext
2019-04-15 23:26:05,320 [main] INFO  o.s.web.context.ContextLoader 296 - Root WebApplicationContext: initialization completed in 2351 ms
2019-04-15 23:26:05,679 [main] INFO  c.a.d.s.b.a.DruidDataSourceAutoConfigure 56 - Init DruidDataSource
2019-04-15 23:26:07,238 [main] INFO  c.alibaba.druid.pool.DruidDataSource 930 - {dataSource-1} inited
2019-04-15 23:26:08,421 [main] INFO  o.s.s.c.ThreadPoolTaskExecutor 171 - Initializing ExecutorService 'applicationTaskExecutor'
2019-04-15 23:26:09,038 [main] INFO  o.s.b.w.e.tomcat.TomcatWebServer 204 - Tomcat started on port(s): 8082 (http) with context path ''
2019-04-15 23:26:09,054 [main] INFO  com.jason.web.WuWebApplication 59 - Started WuWebApplication in 12.253 seconds (JVM running for 12.703)
2019-04-15 23:26:32,973 [http-nio-8082-exec-1] INFO  o.a.c.c.C.[Tomcat].[localhost].[/] 173 - Initializing Spring DispatcherServlet 'dispatcherServlet'
2019-04-15 23:26:32,986 [http-nio-8082-exec-1] INFO  o.s.web.servlet.DispatcherServlet 524 - Initializing Servlet 'dispatcherServlet'
2019-04-15 23:26:32,987 [http-nio-8082-exec-1] INFO  o.s.web.servlet.DispatcherServlet 546 - Completed initialization in 1 ms
