2019-04-16 06:40:53,642 [main] INFO  com.jason.web.WuWebApplication 50 - Starting WuWebApplication on Lenovo-PC with PID 9168 (C:\Users\meitao\Desktop\workspace\wisdom-union\wu-web\target\classes started by meitao in C:\Users\meitao\Desktop\workspace\wisdom-union\wu-web)
2019-04-16 06:40:53,657 [main] INFO  com.jason.web.WuWebApplication 675 - No active profile set, falling back to default profiles: default
2019-04-16 06:40:55,829 [main] INFO  o.s.b.w.e.tomcat.TomcatWebServer 90 - Tomcat initialized with port(s): 8082 (http)
2019-04-16 06:40:55,886 [main] INFO  o.a.catalina.core.StandardService 173 - Starting service [Tomcat]
2019-04-16 06:40:55,886 [main] INFO  o.a.catalina.core.StandardEngine 173 - Starting Servlet engine: [Apache Tomcat/9.0.16]
2019-04-16 06:40:55,902 [main] INFO  o.a.c.core.AprLifecycleListener 173 - The APR based Apache Tomcat Native library which allows optimal performance in production environments was not found on the java.library.path: [D:\java\Software\jdk\bin;C:\windows\Sun\Java\bin;C:\windows\system32;C:\windows;D:/java/Software/jdk/bin/../jre/bin/server;D:/java/Software/jdk/bin/../jre/bin;D:/java/Software/jdk/bin/../jre/lib/amd64;C:\Program Files (x86)\Intel\iCLS Client\;C:\Program Files\Intel\iCLS Client\;C:\windows\system32;C:\windows;C:\windows\System32\Wbem;C:\windows\System32\WindowsPowerShell\v1.0\;C:\Program Files\Intel\Intel(R) Management Engine Components\DAL;C:\Program Files (x86)\Intel\Intel(R) Management Engine Components\DAL;C:\Program Files\Intel\Intel(R) Management Engine Components\IPT;C:\Program Files (x86)\Intel\Intel(R) Management Engine Components\IPT;C:\Program Files (x86)\Lenovo\Motion Control\;C:\Program Files (x86)\Common Files\lenovo\easyplussdk\bin;D:\java\Software\mysql\bin;D:\software\Git\cmd;C:\Program Files\dotnet\;C:\Program Files\Microsoft SQL Server\130\Tools\Binn\;D:\Program Files (x86)\Microsoft Visual Studio\Common\Tools\WinNT;D:\Program Files (x86)\Microsoft Visual Studio\Common\MSDev98\Bin;D:\Program Files (x86)\Microsoft Visual Studio\Common\Tools;D:\Program Files (x86)\Microsoft Visual Studio\VC98\bin;D:\java\Software\jdk\bin;D:\software\maven\apache-maven-3.3.9\bin;D:\java\Software\eclipse\eclipse;;.]
2019-04-16 06:40:56,042 [main] INFO  o.a.c.c.C.[Tomcat].[localhost].[/] 173 - Initializing Spring embedded WebApplicationContext
2019-04-16 06:40:56,042 [main] INFO  o.s.web.context.ContextLoader 296 - Root WebApplicationContext: initialization completed in 2322 ms
2019-04-16 06:40:56,339 [main] INFO  c.a.d.s.b.a.DruidDataSourceAutoConfigure 56 - Init DruidDataSource
2019-04-16 06:40:57,105 [main] INFO  c.alibaba.druid.pool.DruidDataSource 930 - {dataSource-1} inited
2019-04-16 06:40:58,210 [main] INFO  o.s.s.c.ThreadPoolTaskExecutor 171 - Initializing ExecutorService 'applicationTaskExecutor'
2019-04-16 06:40:58,929 [main] INFO  o.s.b.w.e.tomcat.TomcatWebServer 204 - Tomcat started on port(s): 8082 (http) with context path ''
2019-04-16 06:40:58,945 [main] INFO  com.jason.web.WuWebApplication 59 - Started WuWebApplication in 7.981 seconds (JVM running for 8.522)
2019-04-16 06:41:23,747 [http-nio-8082-exec-1] INFO  o.a.c.c.C.[Tomcat].[localhost].[/] 173 - Initializing Spring DispatcherServlet 'dispatcherServlet'
2019-04-16 06:41:23,752 [http-nio-8082-exec-1] INFO  o.s.web.servlet.DispatcherServlet 524 - Initializing Servlet 'dispatcherServlet'
2019-04-16 06:41:23,768 [http-nio-8082-exec-1] INFO  o.s.web.servlet.DispatcherServlet 546 - Completed initialization in 16 ms
2019-04-16 07:52:13,020 [main] INFO  com.jason.web.WuWebApplication 50 - Starting WuWebApplication on Lenovo-PC with PID 5492 (C:\Users\meitao\Desktop\workspace\wisdom-union\wu-web\target\classes started by meitao in C:\Users\meitao\Desktop\workspace\wisdom-union\wu-web)
2019-04-16 07:52:13,051 [main] INFO  com.jason.web.WuWebApplication 675 - No active profile set, falling back to default profiles: default
2019-04-16 07:52:15,698 [main] INFO  o.s.b.w.e.tomcat.TomcatWebServer 90 - Tomcat initialized with port(s): 8082 (http)
2019-04-16 07:52:15,741 [main] INFO  o.a.catalina.core.StandardService 173 - Starting service [Tomcat]
2019-04-16 07:52:15,741 [main] INFO  o.a.catalina.core.StandardEngine 173 - Starting Servlet engine: [Apache Tomcat/9.0.16]
2019-04-16 07:52:15,835 [main] INFO  o.a.c.core.AprLifecycleListener 173 - The APR based Apache Tomcat Native library which allows optimal performance in production environments was not found on the java.library.path: [D:\java\Software\jdk\bin;C:\windows\Sun\Java\bin;C:\windows\system32;C:\windows;D:/java/Software/jdk/bin/../jre/bin/server;D:/java/Software/jdk/bin/../jre/bin;D:/java/Software/jdk/bin/../jre/lib/amd64;C:\Program Files (x86)\Intel\iCLS Client\;C:\Program Files\Intel\iCLS Client\;C:\windows\system32;C:\windows;C:\windows\System32\Wbem;C:\windows\System32\WindowsPowerShell\v1.0\;C:\Program Files\Intel\Intel(R) Management Engine Components\DAL;C:\Program Files (x86)\Intel\Intel(R) Management Engine Components\DAL;C:\Program Files\Intel\Intel(R) Management Engine Components\IPT;C:\Program Files (x86)\Intel\Intel(R) Management Engine Components\IPT;C:\Program Files (x86)\Lenovo\Motion Control\;C:\Program Files (x86)\Common Files\lenovo\easyplussdk\bin;D:\java\Software\mysql\bin;D:\software\Git\cmd;C:\Program Files\dotnet\;C:\Program Files\Microsoft SQL Server\130\Tools\Binn\;D:\Program Files (x86)\Microsoft Visual Studio\Common\Tools\WinNT;D:\Program Files (x86)\Microsoft Visual Studio\Common\MSDev98\Bin;D:\Program Files (x86)\Microsoft Visual Studio\Common\Tools;D:\Program Files (x86)\Microsoft Visual Studio\VC98\bin;D:\java\Software\jdk\bin;D:\software\maven\apache-maven-3.3.9\bin;D:\java\Software\eclipse\eclipse;;.]
2019-04-16 07:52:16,085 [main] INFO  o.a.c.c.C.[Tomcat].[localhost].[/] 173 - Initializing Spring embedded WebApplicationContext
2019-04-16 07:52:16,085 [main] INFO  o.s.web.context.ContextLoader 296 - Root WebApplicationContext: initialization completed in 2862 ms
2019-04-16 07:52:16,413 [main] INFO  c.a.d.s.b.a.DruidDataSourceAutoConfigure 56 - Init DruidDataSource
2019-04-16 07:52:17,757 [main] INFO  c.alibaba.druid.pool.DruidDataSource 930 - {dataSource-1} inited
2019-04-16 07:52:19,142 [main] INFO  o.s.s.c.ThreadPoolTaskExecutor 171 - Initializing ExecutorService 'applicationTaskExecutor'
2019-04-16 07:52:19,758 [main] INFO  o.s.b.w.e.tomcat.TomcatWebServer 204 - Tomcat started on port(s): 8082 (http) with context path ''
2019-04-16 07:52:19,758 [main] INFO  com.jason.web.WuWebApplication 59 - Started WuWebApplication in 12.075 seconds (JVM running for 12.538)
2019-04-16 07:52:37,830 [http-nio-8082-exec-1] INFO  o.a.c.c.C.[Tomcat].[localhost].[/] 173 - Initializing Spring DispatcherServlet 'dispatcherServlet'
2019-04-16 07:52:37,845 [http-nio-8082-exec-1] INFO  o.s.web.servlet.DispatcherServlet 524 - Initializing Servlet 'dispatcherServlet'
2019-04-16 07:52:37,860 [http-nio-8082-exec-1] INFO  o.s.web.servlet.DispatcherServlet 546 - Completed initialization in 15 ms
2019-04-16 21:38:42,532 [main] INFO  com.jason.web.WuWebApplication 50 - Starting WuWebApplication on Lenovo-PC with PID 7408 (C:\Users\meitao\Desktop\workspace\wisdom-union\wu-web\target\classes started by meitao in C:\Users\meitao\Desktop\workspace\wisdom-union\wu-web)
2019-04-16 21:38:42,564 [main] INFO  com.jason.web.WuWebApplication 675 - No active profile set, falling back to default profiles: default
2019-04-16 21:38:46,657 [main] INFO  o.s.b.w.e.tomcat.TomcatWebServer 90 - Tomcat initialized with port(s): 8082 (http)
2019-04-16 21:38:46,691 [main] INFO  o.a.catalina.core.StandardService 173 - Starting service [Tomcat]
2019-04-16 21:38:46,691 [main] INFO  o.a.catalina.core.StandardEngine 173 - Starting Servlet engine: [Apache Tomcat/9.0.16]
2019-04-16 21:38:46,707 [main] INFO  o.a.c.core.AprLifecycleListener 173 - The APR based Apache Tomcat Native library which allows optimal performance in production environments was not found on the java.library.path: [D:\java\Software\jdk\bin;C:\windows\Sun\Java\bin;C:\windows\system32;C:\windows;D:/java/Software/jdk/bin/../jre/bin/server;D:/java/Software/jdk/bin/../jre/bin;D:/java/Software/jdk/bin/../jre/lib/amd64;C:\Program Files (x86)\Intel\iCLS Client\;C:\Program Files\Intel\iCLS Client\;C:\windows\system32;C:\windows;C:\windows\System32\Wbem;C:\windows\System32\WindowsPowerShell\v1.0\;C:\Program Files\Intel\Intel(R) Management Engine Components\DAL;C:\Program Files (x86)\Intel\Intel(R) Management Engine Components\DAL;C:\Program Files\Intel\Intel(R) Management Engine Components\IPT;C:\Program Files (x86)\Intel\Intel(R) Management Engine Components\IPT;C:\Program Files (x86)\Lenovo\Motion Control\;C:\Program Files (x86)\Common Files\lenovo\easyplussdk\bin;D:\java\Software\mysql\bin;D:\software\Git\cmd;C:\Program Files\dotnet\;C:\Program Files\Microsoft SQL Server\130\Tools\Binn\;D:\Program Files (x86)\Microsoft Visual Studio\Common\Tools\WinNT;D:\Program Files (x86)\Microsoft Visual Studio\Common\MSDev98\Bin;D:\Program Files (x86)\Microsoft Visual Studio\Common\Tools;D:\Program Files (x86)\Microsoft Visual Studio\VC98\bin;D:\java\Software\jdk\bin;D:\software\maven\apache-maven-3.3.9\bin;D:\java\Software\eclipse\eclipse;;.]
2019-04-16 21:38:46,910 [main] INFO  o.a.c.c.C.[Tomcat].[localhost].[/] 173 - Initializing Spring embedded WebApplicationContext
2019-04-16 21:38:46,910 [main] INFO  o.s.web.context.ContextLoader 296 - Root WebApplicationContext: initialization completed in 4284 ms
2019-04-16 21:38:47,363 [main] INFO  c.a.d.s.b.a.DruidDataSourceAutoConfigure 56 - Init DruidDataSource
2019-04-16 21:38:48,457 [main] INFO  c.alibaba.druid.pool.DruidDataSource 930 - {dataSource-1} inited
2019-04-16 21:38:49,863 [main] INFO  o.s.s.c.ThreadPoolTaskExecutor 171 - Initializing ExecutorService 'applicationTaskExecutor'
2019-04-16 21:38:50,580 [main] INFO  o.s.b.w.e.tomcat.TomcatWebServer 204 - Tomcat started on port(s): 8082 (http) with context path ''
2019-04-16 21:38:50,580 [main] INFO  com.jason.web.WuWebApplication 59 - Started WuWebApplication in 19.93 seconds (JVM running for 20.629)
2019-04-16 21:39:18,879 [http-nio-8082-exec-1] INFO  o.a.c.c.C.[Tomcat].[localhost].[/] 173 - Initializing Spring DispatcherServlet 'dispatcherServlet'
2019-04-16 21:39:18,890 [http-nio-8082-exec-1] INFO  o.s.web.servlet.DispatcherServlet 524 - Initializing Servlet 'dispatcherServlet'
2019-04-16 21:39:18,906 [http-nio-8082-exec-1] INFO  o.s.web.servlet.DispatcherServlet 546 - Completed initialization in 16 ms
2019-04-16 23:04:56,777 [main] INFO  com.jason.web.WuWebApplication 50 - Starting WuWebApplication on Lenovo-PC with PID 8232 (C:\Users\meitao\Desktop\workspace\wisdom-union\wu-web\target\classes started by meitao in C:\Users\meitao\Desktop\workspace\wisdom-union\wu-web)
2019-04-16 23:04:56,808 [main] INFO  com.jason.web.WuWebApplication 675 - No active profile set, falling back to default profiles: default
2019-04-16 23:04:59,739 [main] INFO  o.s.b.w.e.tomcat.TomcatWebServer 90 - Tomcat initialized with port(s): 8082 (http)
2019-04-16 23:04:59,786 [main] INFO  o.a.catalina.core.StandardService 173 - Starting service [Tomcat]
2019-04-16 23:04:59,786 [main] INFO  o.a.catalina.core.StandardEngine 173 - Starting Servlet engine: [Apache Tomcat/9.0.16]
2019-04-16 23:04:59,801 [main] INFO  o.a.c.core.AprLifecycleListener 173 - The APR based Apache Tomcat Native library which allows optimal performance in production environments was not found on the java.library.path: [D:\java\Software\jdk\bin;C:\windows\Sun\Java\bin;C:\windows\system32;C:\windows;D:/java/Software/jdk/bin/../jre/bin/server;D:/java/Software/jdk/bin/../jre/bin;D:/java/Software/jdk/bin/../jre/lib/amd64;C:\Program Files (x86)\Intel\iCLS Client\;C:\Program Files\Intel\iCLS Client\;C:\windows\system32;C:\windows;C:\windows\System32\Wbem;C:\windows\System32\WindowsPowerShell\v1.0\;C:\Program Files\Intel\Intel(R) Management Engine Components\DAL;C:\Program Files (x86)\Intel\Intel(R) Management Engine Components\DAL;C:\Program Files\Intel\Intel(R) Management Engine Components\IPT;C:\Program Files (x86)\Intel\Intel(R) Management Engine Components\IPT;C:\Program Files (x86)\Lenovo\Motion Control\;C:\Program Files (x86)\Common Files\lenovo\easyplussdk\bin;D:\java\Software\mysql\bin;D:\software\Git\cmd;C:\Program Files\dotnet\;C:\Program Files\Microsoft SQL Server\130\Tools\Binn\;D:\Program Files (x86)\Microsoft Visual Studio\Common\Tools\WinNT;D:\Program Files (x86)\Microsoft Visual Studio\Common\MSDev98\Bin;D:\Program Files (x86)\Microsoft Visual Studio\Common\Tools;D:\Program Files (x86)\Microsoft Visual Studio\VC98\bin;D:\java\Software\jdk\bin;D:\software\maven\apache-maven-3.3.9\bin;D:\java\Software\eclipse\eclipse;;.]
2019-04-16 23:05:00,004 [main] INFO  o.a.c.c.C.[Tomcat].[localhost].[/] 173 - Initializing Spring embedded WebApplicationContext
2019-04-16 23:05:00,004 [main] INFO  o.s.web.context.ContextLoader 296 - Root WebApplicationContext: initialization completed in 3087 ms
2019-04-16 23:05:00,364 [main] INFO  c.a.d.s.b.a.DruidDataSourceAutoConfigure 56 - Init DruidDataSource
2019-04-16 23:05:01,161 [main] INFO  c.alibaba.druid.pool.DruidDataSource 930 - {dataSource-1} inited
2019-04-16 23:05:03,333 [main] INFO  o.s.s.c.ThreadPoolTaskExecutor 171 - Initializing ExecutorService 'applicationTaskExecutor'
2019-04-16 23:05:03,995 [main] INFO  o.s.b.w.e.tomcat.TomcatWebServer 204 - Tomcat started on port(s): 8082 (http) with context path ''
2019-04-16 23:05:03,995 [main] INFO  com.jason.web.WuWebApplication 59 - Started WuWebApplication in 22.089 seconds (JVM running for 22.791)
2019-04-16 23:05:23,114 [http-nio-8082-exec-1] INFO  o.a.c.c.C.[Tomcat].[localhost].[/] 173 - Initializing Spring DispatcherServlet 'dispatcherServlet'
2019-04-16 23:05:23,116 [http-nio-8082-exec-1] INFO  o.s.web.servlet.DispatcherServlet 524 - Initializing Servlet 'dispatcherServlet'
2019-04-16 23:05:23,117 [http-nio-8082-exec-1] INFO  o.s.web.servlet.DispatcherServlet 546 - Completed initialization in 0 ms
