2019-04-17 06:53:38,342 [main] INFO  com.jason.web.WuWebApplication 50 - Starting WuWebApplication on Lenovo-PC with PID 5932 (C:\Users\meitao\Desktop\workspace\wisdom-union\wu-web\target\classes started by meitao in C:\Users\meitao\Desktop\workspace\wisdom-union\wu-web)
2019-04-17 06:53:38,357 [main] INFO  com.jason.web.WuWebApplication 675 - No active profile set, falling back to default profiles: default
2019-04-17 06:53:41,295 [main] INFO  o.s.b.w.e.tomcat.TomcatWebServer 90 - Tomcat initialized with port(s): 8082 (http)
2019-04-17 06:53:41,343 [main] INFO  o.a.catalina.core.StandardService 173 - Starting service [Tomcat]
2019-04-17 06:53:41,343 [main] INFO  o.a.catalina.core.StandardEngine 173 - Starting Servlet engine: [Apache Tomcat/9.0.16]
2019-04-17 06:53:41,359 [main] INFO  o.a.c.core.AprLifecycleListener 173 - The APR based Apache Tomcat Native library which allows optimal performance in production environments was not found on the java.library.path: [D:\java\Software\jdk\bin;C:\windows\Sun\Java\bin;C:\windows\system32;C:\windows;D:/java/Software/jdk/bin/../jre/bin/server;D:/java/Software/jdk/bin/../jre/bin;D:/java/Software/jdk/bin/../jre/lib/amd64;C:\Program Files (x86)\Intel\iCLS Client\;C:\Program Files\Intel\iCLS Client\;C:\windows\system32;C:\windows;C:\windows\System32\Wbem;C:\windows\System32\WindowsPowerShell\v1.0\;C:\Program Files\Intel\Intel(R) Management Engine Components\DAL;C:\Program Files (x86)\Intel\Intel(R) Management Engine Components\DAL;C:\Program Files\Intel\Intel(R) Management Engine Components\IPT;C:\Program Files (x86)\Intel\Intel(R) Management Engine Components\IPT;C:\Program Files (x86)\Lenovo\Motion Control\;C:\Program Files (x86)\Common Files\lenovo\easyplussdk\bin;D:\java\Software\mysql\bin;D:\software\Git\cmd;C:\Program Files\dotnet\;C:\Program Files\Microsoft SQL Server\130\Tools\Binn\;D:\Program Files (x86)\Microsoft Visual Studio\Common\Tools\WinNT;D:\Program Files (x86)\Microsoft Visual Studio\Common\MSDev98\Bin;D:\Program Files (x86)\Microsoft Visual Studio\Common\Tools;D:\Program Files (x86)\Microsoft Visual Studio\VC98\bin;D:\java\Software\jdk\bin;D:\software\maven\apache-maven-3.3.9\bin;D:\java\Software\eclipse\eclipse;;.]
2019-04-17 06:53:41,671 [main] INFO  o.a.c.c.C.[Tomcat].[localhost].[/] 173 - Initializing Spring embedded WebApplicationContext
2019-04-17 06:53:41,671 [main] INFO  o.s.web.context.ContextLoader 296 - Root WebApplicationContext: initialization completed in 3220 ms
2019-04-17 06:53:41,906 [main] INFO  c.a.d.s.b.a.DruidDataSourceAutoConfigure 56 - Init DruidDataSource
2019-04-17 06:53:42,687 [main] INFO  c.alibaba.druid.pool.DruidDataSource 930 - {dataSource-1} inited
2019-04-17 06:53:44,242 [main] INFO  o.s.s.c.ThreadPoolTaskExecutor 171 - Initializing ExecutorService 'applicationTaskExecutor'
2019-04-17 06:53:45,581 [main] INFO  o.s.b.w.e.tomcat.TomcatWebServer 204 - Tomcat started on port(s): 8082 (http) with context path ''
2019-04-17 06:53:45,596 [main] INFO  com.jason.web.WuWebApplication 59 - Started WuWebApplication in 12.769 seconds (JVM running for 13.426)
2019-04-17 06:54:21,810 [http-nio-8082-exec-1] INFO  o.a.c.c.C.[Tomcat].[localhost].[/] 173 - Initializing Spring DispatcherServlet 'dispatcherServlet'
2019-04-17 06:54:21,820 [http-nio-8082-exec-1] INFO  o.s.web.servlet.DispatcherServlet 524 - Initializing Servlet 'dispatcherServlet'
2019-04-17 06:54:21,821 [http-nio-8082-exec-1] INFO  o.s.web.servlet.DispatcherServlet 546 - Completed initialization in 1 ms
2019-04-17 08:36:19,650 [main] INFO  com.jason.web.WuWebApplication 50 - Starting WuWebApplication on Lenovo-PC with PID 5624 (C:\Users\meitao\Desktop\workspace_sts\wisdom-union\wu-web\target\classes started by meitao in C:\Users\meitao\Desktop\workspace_sts\wisdom-union\wu-web)
2019-04-17 08:36:19,650 [main] INFO  com.jason.web.WuWebApplication 675 - No active profile set, falling back to default profiles: default
2019-04-17 08:36:27,776 [main] INFO  o.s.b.w.e.tomcat.TomcatWebServer 90 - Tomcat initialized with port(s): 8082 (http)
2019-04-17 08:36:27,826 [main] INFO  o.a.catalina.core.StandardService 173 - Starting service [Tomcat]
2019-04-17 08:36:27,826 [main] INFO  o.a.catalina.core.StandardEngine 173 - Starting Servlet engine: [Apache Tomcat/9.0.16]
2019-04-17 08:36:27,842 [main] INFO  o.a.c.core.AprLifecycleListener 173 - The APR based Apache Tomcat Native library which allows optimal performance in production environments was not found on the java.library.path: [D:\java\Software\jdk\bin;C:\windows\Sun\Java\bin;C:\windows\system32;C:\windows;D:/java/Software/jdk/bin/../jre/bin/server;D:/java/Software/jdk/bin/../jre/bin;D:/java/Software/jdk/bin/../jre/lib/amd64;C:\Program Files (x86)\Intel\iCLS Client\;C:\Program Files\Intel\iCLS Client\;C:\windows\system32;C:\windows;C:\windows\System32\Wbem;C:\windows\System32\WindowsPowerShell\v1.0\;C:\Program Files\Intel\Intel(R) Management Engine Components\DAL;C:\Program Files (x86)\Intel\Intel(R) Management Engine Components\DAL;C:\Program Files\Intel\Intel(R) Management Engine Components\IPT;C:\Program Files (x86)\Intel\Intel(R) Management Engine Components\IPT;C:\Program Files (x86)\Lenovo\Motion Control\;C:\Program Files (x86)\Common Files\lenovo\easyplussdk\bin;D:\java\Software\mysql\bin;D:\software\Git\cmd;C:\Program Files\dotnet\;C:\Program Files\Microsoft SQL Server\130\Tools\Binn\;D:\Program Files (x86)\Microsoft Visual Studio\Common\Tools\WinNT;D:\Program Files (x86)\Microsoft Visual Studio\Common\MSDev98\Bin;D:\Program Files (x86)\Microsoft Visual Studio\Common\Tools;D:\Program Files (x86)\Microsoft Visual Studio\VC98\bin;D:\java\Software\jdk\bin;D:\software\maven\apache-maven-3.3.9\bin;D:\software\sts-bundle\sts-3.6.4.RELEASE;;.]
2019-04-17 08:36:28,060 [main] INFO  o.a.c.c.C.[Tomcat].[localhost].[/] 173 - Initializing Spring embedded WebApplicationContext
2019-04-17 08:36:28,060 [main] INFO  o.s.web.context.ContextLoader 296 - Root WebApplicationContext: initialization completed in 8285 ms
2019-04-17 08:36:28,342 [main] INFO  c.a.d.s.b.a.DruidDataSourceAutoConfigure 56 - Init DruidDataSource
2019-04-17 08:36:29,779 [main] INFO  c.alibaba.druid.pool.DruidDataSource 930 - {dataSource-1} inited
2019-04-17 08:36:31,185 [main] INFO  o.s.s.c.ThreadPoolTaskExecutor 171 - Initializing ExecutorService 'applicationTaskExecutor'
2019-04-17 08:36:31,915 [main] INFO  o.s.b.w.e.tomcat.TomcatWebServer 204 - Tomcat started on port(s): 8082 (http) with context path ''
2019-04-17 08:36:31,931 [main] INFO  com.jason.web.WuWebApplication 59 - Started WuWebApplication in 15.278 seconds (JVM running for 15.996)
2019-04-17 08:36:40,978 [http-nio-8082-exec-1] INFO  o.a.c.c.C.[Tomcat].[localhost].[/] 173 - Initializing Spring DispatcherServlet 'dispatcherServlet'
2019-04-17 08:36:40,981 [http-nio-8082-exec-1] INFO  o.s.web.servlet.DispatcherServlet 524 - Initializing Servlet 'dispatcherServlet'
2019-04-17 08:36:40,997 [http-nio-8082-exec-1] INFO  o.s.web.servlet.DispatcherServlet 546 - Completed initialization in 16 ms
2019-04-17 08:42:35,495 [main] INFO  com.jason.web.WuWebApplication 50 - Starting WuWebApplication on Lenovo-PC with PID 5260 (C:\Users\meitao\Desktop\workspace_sts\wisdom-union\wu-web\target\classes started by meitao in C:\Users\meitao\Desktop\workspace_sts\wisdom-union\wu-web)
2019-04-17 08:42:35,495 [main] INFO  com.jason.web.WuWebApplication 675 - No active profile set, falling back to default profiles: default
2019-04-17 08:42:38,026 [main] INFO  o.s.b.w.e.tomcat.TomcatWebServer 90 - Tomcat initialized with port(s): 8082 (http)
2019-04-17 08:42:38,073 [main] INFO  o.a.catalina.core.StandardService 173 - Starting service [Tomcat]
2019-04-17 08:42:38,073 [main] INFO  o.a.catalina.core.StandardEngine 173 - Starting Servlet engine: [Apache Tomcat/9.0.16]
2019-04-17 08:42:38,089 [main] INFO  o.a.c.core.AprLifecycleListener 173 - The APR based Apache Tomcat Native library which allows optimal performance in production environments was not found on the java.library.path: [D:\java\Software\jdk\bin;C:\windows\Sun\Java\bin;C:\windows\system32;C:\windows;D:/java/Software/jdk/bin/../jre/bin/server;D:/java/Software/jdk/bin/../jre/bin;D:/java/Software/jdk/bin/../jre/lib/amd64;C:\Program Files (x86)\Intel\iCLS Client\;C:\Program Files\Intel\iCLS Client\;C:\windows\system32;C:\windows;C:\windows\System32\Wbem;C:\windows\System32\WindowsPowerShell\v1.0\;C:\Program Files\Intel\Intel(R) Management Engine Components\DAL;C:\Program Files (x86)\Intel\Intel(R) Management Engine Components\DAL;C:\Program Files\Intel\Intel(R) Management Engine Components\IPT;C:\Program Files (x86)\Intel\Intel(R) Management Engine Components\IPT;C:\Program Files (x86)\Lenovo\Motion Control\;C:\Program Files (x86)\Common Files\lenovo\easyplussdk\bin;D:\java\Software\mysql\bin;D:\software\Git\cmd;C:\Program Files\dotnet\;C:\Program Files\Microsoft SQL Server\130\Tools\Binn\;D:\Program Files (x86)\Microsoft Visual Studio\Common\Tools\WinNT;D:\Program Files (x86)\Microsoft Visual Studio\Common\MSDev98\Bin;D:\Program Files (x86)\Microsoft Visual Studio\Common\Tools;D:\Program Files (x86)\Microsoft Visual Studio\VC98\bin;D:\java\Software\jdk\bin;D:\software\maven\apache-maven-3.3.9\bin;D:\software\sts-bundle\sts-3.6.4.RELEASE;;.]
2019-04-17 08:42:38,261 [main] INFO  o.a.c.c.C.[Tomcat].[localhost].[/] 173 - Initializing Spring embedded WebApplicationContext
2019-04-17 08:42:38,261 [main] INFO  o.s.web.context.ContextLoader 296 - Root WebApplicationContext: initialization completed in 2688 ms
2019-04-17 08:42:38,542 [main] INFO  c.a.d.s.b.a.DruidDataSourceAutoConfigure 56 - Init DruidDataSource
2019-04-17 08:42:39,136 [main] INFO  c.alibaba.druid.pool.DruidDataSource 930 - {dataSource-1} inited
2019-04-17 08:42:40,362 [main] INFO  o.s.s.c.ThreadPoolTaskExecutor 171 - Initializing ExecutorService 'applicationTaskExecutor'
2019-04-17 08:42:41,115 [main] INFO  o.s.b.w.e.tomcat.TomcatWebServer 204 - Tomcat started on port(s): 8082 (http) with context path ''
2019-04-17 08:42:41,131 [main] INFO  com.jason.web.WuWebApplication 59 - Started WuWebApplication in 8.342 seconds (JVM running for 8.889)
2019-04-17 08:42:45,409 [http-nio-8082-exec-1] INFO  o.a.c.c.C.[Tomcat].[localhost].[/] 173 - Initializing Spring DispatcherServlet 'dispatcherServlet'
2019-04-17 08:42:45,425 [http-nio-8082-exec-1] INFO  o.s.web.servlet.DispatcherServlet 524 - Initializing Servlet 'dispatcherServlet'
2019-04-17 08:42:45,442 [http-nio-8082-exec-1] INFO  o.s.web.servlet.DispatcherServlet 546 - Completed initialization in 17 ms
2019-04-17 10:32:36,351 [main] INFO  com.jason.web.WuWebApplication 50 - Starting WuWebApplication on Jason-PC with PID 1052 (C:\Users\abo\Desktop\workspace\RemoteControl\wu-web\target\classes started by abo in C:\Users\abo\Desktop\workspace\RemoteControl\wu-web)
2019-04-17 10:32:36,382 [main] INFO  com.jason.web.WuWebApplication 675 - No active profile set, falling back to default profiles: default
2019-04-17 10:32:48,007 [main] INFO  o.s.b.w.e.tomcat.TomcatWebServer 90 - Tomcat initialized with port(s): 8082 (http)
2019-04-17 10:32:48,107 [main] INFO  o.a.catalina.core.StandardService 173 - Starting service [Tomcat]
2019-04-17 10:32:48,108 [main] INFO  o.a.catalina.core.StandardEngine 173 - Starting Servlet engine: [Apache Tomcat/9.0.16]
2019-04-17 10:32:48,154 [main] INFO  o.a.c.core.AprLifecycleListener 173 - The APR based Apache Tomcat Native library which allows optimal performance in production environments was not found on the java.library.path: [C:\Program Files\Java\jdk1.8.0_131\bin;C:\WINDOWS\Sun\Java\bin;C:\WINDOWS\system32;C:\WINDOWS;C:/Program Files/Java/jre1.8.0_131/bin/server;C:/Program Files/Java/jre1.8.0_131/bin;C:/Program Files/Java/jre1.8.0_131/lib/amd64;C:\ProgramData\Oracle\Java\javapath;C:\Program Files\Java\jdk1.8.0_131\bin;C:\Program Files (x86)\Intel\iCLS Client\;C:\Program Files\Intel\iCLS Client\;C:\WINDOWS\system32;C:\WINDOWS;C:\WINDOWS\System32\Wbem;C:\WINDOWS\System32\WindowsPowerShell\v1.0\;C:\Program Files (x86)\Intel\Intel(R) Management Engine Components\DAL;C:\Program Files\Intel\Intel(R) Management Engine Components\DAL;C:\Program Files (x86)\Intel\Intel(R) Management Engine Components\IPT;C:\Program Files\Intel\Intel(R) Management Engine Components\IPT;D:\apache-maven-3.3.9\bin;C:\Program Files\Git\cmd;C:\Program Files (x86)\scala\bin;C:\Users\abo\AppData\Local\Programs\Python\Python35-32;C:\Program Files (x86)\Tesseract-OCR;C:\opencv\build\x64\vc15\bin;C:\opencv\build\bin;C:\WINDOWS\System32\OpenSSH\;C:\PostgreSQL\pg96\bin;C:\Users\abo\Desktop\apache-tomcat-7.0.78\bin;C:\OpenSSL-Win64\bin;C:\Users\abo\Desktop\glassfish3\bin;;C:\Program Files (x86)\Lua\5.1;C:\Program Files (x86)\Lua\5.1\clibs;C:\Program Files\Java\jdk1.8.0_131\bin;C:\Users\abo\AppData\Local\Microsoft\WindowsApps;C:\Program Files (x86)\Tesseract-OCR;;C:\Users\abo\Desktop\javasoft\sts-bundle\sts-3.6.4.RELEASE;;.]
2019-04-17 10:32:49,027 [main] INFO  o.a.c.c.C.[Tomcat].[localhost].[/] 173 - Initializing Spring embedded WebApplicationContext
2019-04-17 10:32:49,028 [main] INFO  o.s.web.context.ContextLoader 296 - Root WebApplicationContext: initialization completed in 12432 ms
2019-04-17 10:32:49,845 [main] INFO  c.a.d.s.b.a.DruidDataSourceAutoConfigure 56 - Init DruidDataSource
2019-04-17 10:32:53,426 [main] INFO  c.alibaba.druid.pool.DruidDataSource 930 - {dataSource-1} inited
2019-04-17 10:32:53,429 [main] WARN  o.s.b.w.s.c.AnnotationConfigServletWebServerApplicationContext 557 - Exception encountered during context initialization - cancelling refresh attempt: org.springframework.beans.factory.UnsatisfiedDependencyException: Error creating bean with name 'subUserServiceImpl': Unsatisfied dependency expressed through field 'baseMapper'; nested exception is org.springframework.beans.factory.UnsatisfiedDependencyException: Error creating bean with name 'subUserMapper' defined in file [C:\Users\abo\Desktop\workspace\RemoteControl\wu-web\target\classes\com\jason\web\mapper\SubUserMapper.class]: Unsatisfied dependency expressed through bean property 'sqlSessionFactory'; nested exception is org.springframework.beans.factory.UnsatisfiedDependencyException: Error creating bean with name 'sqlSessionFactory' defined in class path resource [com/baomidou/mybatisplus/autoconfigure/MybatisPlusAutoConfiguration.class]: Unsatisfied dependency expressed through method 'sqlSessionFactory' parameter 0; nested exception is org.springframework.beans.factory.BeanCreationException: Error creating bean with name 'dataSource' defined in class path resource [com/alibaba/druid/spring/boot/autoconfigure/DruidDataSourceAutoConfigure.class]: Invocation of init method failed; nested exception is com.mysql.jdbc.exceptions.jdbc4.MySQLSyntaxErrorException: Unknown database 'wisdom_union'
2019-04-17 10:32:53,494 [main] INFO  o.a.catalina.core.StandardService 173 - Stopping service [Tomcat]
2019-04-17 10:32:53,682 [main] INFO  o.s.b.a.l.ConditionEvaluationReportLoggingListener 142 - 

Error starting ApplicationContext. To display the conditions report re-run your application with 'debug' enabled.
2019-04-17 10:35:49,396 [main] INFO  com.jason.web.WuWebApplication 50 - Starting WuWebApplication on Jason-PC with PID 12256 (C:\Users\abo\Desktop\workspace\RemoteControl\wu-web\target\classes started by abo in C:\Users\abo\Desktop\workspace\RemoteControl\wu-web)
2019-04-17 10:35:49,427 [main] INFO  com.jason.web.WuWebApplication 675 - No active profile set, falling back to default profiles: default
2019-04-17 10:35:55,197 [main] INFO  o.s.b.w.e.tomcat.TomcatWebServer 90 - Tomcat initialized with port(s): 8082 (http)
2019-04-17 10:35:55,445 [main] INFO  o.a.catalina.core.StandardService 173 - Starting service [Tomcat]
2019-04-17 10:35:55,447 [main] INFO  o.a.catalina.core.StandardEngine 173 - Starting Servlet engine: [Apache Tomcat/9.0.16]
2019-04-17 10:35:55,465 [main] INFO  o.a.c.core.AprLifecycleListener 173 - The APR based Apache Tomcat Native library which allows optimal performance in production environments was not found on the java.library.path: [C:\Program Files\Java\jdk1.8.0_131\bin;C:\WINDOWS\Sun\Java\bin;C:\WINDOWS\system32;C:\WINDOWS;C:/Program Files/Java/jre1.8.0_131/bin/server;C:/Program Files/Java/jre1.8.0_131/bin;C:/Program Files/Java/jre1.8.0_131/lib/amd64;C:\ProgramData\Oracle\Java\javapath;C:\Program Files\Java\jdk1.8.0_131\bin;C:\Program Files (x86)\Intel\iCLS Client\;C:\Program Files\Intel\iCLS Client\;C:\WINDOWS\system32;C:\WINDOWS;C:\WINDOWS\System32\Wbem;C:\WINDOWS\System32\WindowsPowerShell\v1.0\;C:\Program Files (x86)\Intel\Intel(R) Management Engine Components\DAL;C:\Program Files\Intel\Intel(R) Management Engine Components\DAL;C:\Program Files (x86)\Intel\Intel(R) Management Engine Components\IPT;C:\Program Files\Intel\Intel(R) Management Engine Components\IPT;D:\apache-maven-3.3.9\bin;C:\Program Files\Git\cmd;C:\Program Files (x86)\scala\bin;C:\Users\abo\AppData\Local\Programs\Python\Python35-32;C:\Program Files (x86)\Tesseract-OCR;C:\opencv\build\x64\vc15\bin;C:\opencv\build\bin;C:\WINDOWS\System32\OpenSSH\;C:\PostgreSQL\pg96\bin;C:\Users\abo\Desktop\apache-tomcat-7.0.78\bin;C:\OpenSSL-Win64\bin;C:\Users\abo\Desktop\glassfish3\bin;;C:\Program Files (x86)\Lua\5.1;C:\Program Files (x86)\Lua\5.1\clibs;C:\Program Files\Java\jdk1.8.0_131\bin;C:\Users\abo\AppData\Local\Microsoft\WindowsApps;C:\Program Files (x86)\Tesseract-OCR;;C:\Users\abo\Desktop\javasoft\sts-bundle\sts-3.6.4.RELEASE;;.]
2019-04-17 10:35:55,732 [main] INFO  o.a.c.c.C.[Tomcat].[localhost].[/] 173 - Initializing Spring embedded WebApplicationContext
2019-04-17 10:35:55,733 [main] INFO  o.s.web.context.ContextLoader 296 - Root WebApplicationContext: initialization completed in 6245 ms
2019-04-17 10:35:56,131 [main] INFO  c.a.d.s.b.a.DruidDataSourceAutoConfigure 56 - Init DruidDataSource
2019-04-17 10:36:02,972 [main] INFO  c.alibaba.druid.pool.DruidDataSource 930 - {dataSource-1} inited
2019-04-17 10:36:04,839 [main] INFO  o.s.s.c.ThreadPoolTaskExecutor 171 - Initializing ExecutorService 'applicationTaskExecutor'
2019-04-17 10:36:05,831 [main] INFO  o.s.b.w.e.tomcat.TomcatWebServer 204 - Tomcat started on port(s): 8082 (http) with context path ''
2019-04-17 10:36:05,836 [main] INFO  com.jason.web.WuWebApplication 59 - Started WuWebApplication in 19.028 seconds (JVM running for 19.76)
2019-04-17 10:36:43,905 [http-nio-8082-exec-1] INFO  o.a.c.c.C.[Tomcat].[localhost].[/] 173 - Initializing Spring DispatcherServlet 'dispatcherServlet'
2019-04-17 10:36:43,906 [http-nio-8082-exec-1] INFO  o.s.web.servlet.DispatcherServlet 524 - Initializing Servlet 'dispatcherServlet'
2019-04-17 10:36:43,972 [http-nio-8082-exec-1] INFO  o.s.web.servlet.DispatcherServlet 546 - Completed initialization in 65 ms
