2019-04-14 22:24:40,211 [main] INFO  com.jason.web.POJOGeneratorTest 50 - Starting POJOGeneratorTest on Lenovo-PC with PID 3972 (started by meitao in C:\Users\meitao\Desktop\workspace\wisdom-union\wu-web)
2019-04-14 22:24:40,211 [main] INFO  com.jason.web.POJOGeneratorTest 675 - No active profile set, falling back to default profiles: default
2019-04-14 22:24:41,257 [main] WARN  o.m.s.mapper.ClassPathMapperScanner 44 - No MyBatis mapper was found in '[com.jason.web]' package. Please check your configuration.
2019-04-14 22:24:43,030 [main] INFO  o.s.s.c.ThreadPoolTaskExecutor 171 - Initializing ExecutorService 'applicationTaskExecutor'
2019-04-14 22:24:43,709 [main] INFO  c.a.d.s.b.a.DruidDataSourceAutoConfigure 56 - Init DruidDataSource
2019-04-14 22:24:44,070 [main] INFO  c.alibaba.druid.pool.DruidDataSource 930 - {dataSource-1} inited
2019-04-14 22:24:44,086 [main] WARN  o.s.w.c.s.GenericWebApplicationContext 557 - Exception encountered during context initialization - cancelling refresh attempt: org.springframework.beans.factory.BeanCreationException: Error creating bean with name 'dataSource' defined in class path resource [com/alibaba/druid/spring/boot/autoconfigure/DruidDataSourceAutoConfigure.class]: Invocation of init method failed; nested exception is com.mysql.jdbc.exceptions.jdbc4.MySQLSyntaxErrorException: Unknown database 'wistom-union'
2019-04-14 22:24:44,086 [main] INFO  o.s.s.c.ThreadPoolTaskExecutor 208 - Shutting down ExecutorService 'applicationTaskExecutor'
2019-04-14 22:24:44,117 [main] INFO  o.s.b.a.l.ConditionEvaluationReportLoggingListener 142 - 

Error starting ApplicationContext. To display the conditions report re-run your application with 'debug' enabled.
2019-04-14 22:25:39,028 [main] INFO  com.jason.web.POJOGeneratorTest 50 - Starting POJOGeneratorTest on Lenovo-PC with PID 6576 (started by meitao in C:\Users\meitao\Desktop\workspace\wisdom-union\wu-web)
2019-04-14 22:25:39,028 [main] INFO  com.jason.web.POJOGeneratorTest 675 - No active profile set, falling back to default profiles: default
2019-04-14 22:25:39,847 [main] WARN  o.m.s.mapper.ClassPathMapperScanner 44 - No MyBatis mapper was found in '[com.jason.web]' package. Please check your configuration.
2019-04-14 22:25:41,300 [main] INFO  o.s.s.c.ThreadPoolTaskExecutor 171 - Initializing ExecutorService 'applicationTaskExecutor'
2019-04-14 22:25:41,931 [main] INFO  c.a.d.s.b.a.DruidDataSourceAutoConfigure 56 - Init DruidDataSource
2019-04-14 22:25:42,415 [main] INFO  c.alibaba.druid.pool.DruidDataSource 930 - {dataSource-1} inited
2019-04-14 22:25:42,415 [main] WARN  o.s.w.c.s.GenericWebApplicationContext 557 - Exception encountered during context initialization - cancelling refresh attempt: org.springframework.beans.factory.BeanCreationException: Error creating bean with name 'dataSource' defined in class path resource [com/alibaba/druid/spring/boot/autoconfigure/DruidDataSourceAutoConfigure.class]: Invocation of init method failed; nested exception is com.mysql.jdbc.exceptions.jdbc4.MySQLSyntaxErrorException: Unknown database 'wistom_union'
2019-04-14 22:25:42,415 [main] INFO  o.s.s.c.ThreadPoolTaskExecutor 208 - Shutting down ExecutorService 'applicationTaskExecutor'
2019-04-14 22:25:42,446 [main] INFO  o.s.b.a.l.ConditionEvaluationReportLoggingListener 142 - 

Error starting ApplicationContext. To display the conditions report re-run your application with 'debug' enabled.
2019-04-14 22:28:16,818 [main] INFO  com.jason.web.POJOGeneratorTest 50 - Starting POJOGeneratorTest on Lenovo-PC with PID 2028 (started by meitao in C:\Users\meitao\Desktop\workspace\wisdom-union\wu-web)
2019-04-14 22:28:16,818 [main] INFO  com.jason.web.POJOGeneratorTest 675 - No active profile set, falling back to default profiles: default
2019-04-14 22:28:17,678 [main] WARN  o.m.s.mapper.ClassPathMapperScanner 44 - No MyBatis mapper was found in '[com.jason.web]' package. Please check your configuration.
2019-04-14 22:28:19,115 [main] INFO  o.s.s.c.ThreadPoolTaskExecutor 171 - Initializing ExecutorService 'applicationTaskExecutor'
2019-04-14 22:28:19,782 [main] INFO  c.a.d.s.b.a.DruidDataSourceAutoConfigure 56 - Init DruidDataSource
2019-04-14 22:28:20,407 [main] INFO  c.alibaba.druid.pool.DruidDataSource 930 - {dataSource-1} inited
2019-04-14 22:28:21,038 [main] INFO  com.jason.web.POJOGeneratorTest 59 - Started POJOGeneratorTest in 18.85 seconds (JVM running for 19.818)
2019-04-14 22:28:21,895 [Thread-3] INFO  c.alibaba.druid.pool.DruidDataSource 1825 - {dataSource-1} closed
2019-04-14 22:28:21,900 [Thread-3] INFO  o.s.s.c.ThreadPoolTaskExecutor 208 - Shutting down ExecutorService 'applicationTaskExecutor'
2019-04-14 22:30:32,404 [main] INFO  com.jason.web.POJOGeneratorTest 50 - Starting POJOGeneratorTest on Lenovo-PC with PID 5232 (started by meitao in C:\Users\meitao\Desktop\workspace\wisdom-union\wu-web)
2019-04-14 22:30:32,404 [main] INFO  com.jason.web.POJOGeneratorTest 675 - No active profile set, falling back to default profiles: default
2019-04-14 22:30:33,216 [main] WARN  o.m.s.mapper.ClassPathMapperScanner 44 - No MyBatis mapper was found in '[com.jason.web]' package. Please check your configuration.
2019-04-14 22:30:34,591 [main] INFO  o.s.s.c.ThreadPoolTaskExecutor 171 - Initializing ExecutorService 'applicationTaskExecutor'
2019-04-14 22:30:35,222 [main] INFO  c.a.d.s.b.a.DruidDataSourceAutoConfigure 56 - Init DruidDataSource
2019-04-14 22:30:35,800 [main] INFO  c.alibaba.druid.pool.DruidDataSource 930 - {dataSource-1} inited
2019-04-14 22:30:36,413 [main] INFO  com.jason.web.POJOGeneratorTest 59 - Started POJOGeneratorTest in 10.76 seconds (JVM running for 11.751)
2019-04-14 22:30:36,845 [Thread-3] INFO  c.alibaba.druid.pool.DruidDataSource 1825 - {dataSource-1} closed
2019-04-14 22:30:36,845 [Thread-3] INFO  o.s.s.c.ThreadPoolTaskExecutor 208 - Shutting down ExecutorService 'applicationTaskExecutor'
2019-04-14 22:32:27,880 [main] INFO  com.jason.web.POJOGeneratorTest 50 - Starting POJOGeneratorTest on Lenovo-PC with PID 1680 (started by meitao in C:\Users\meitao\Desktop\workspace\wisdom-union\wu-web)
2019-04-14 22:32:27,880 [main] INFO  com.jason.web.POJOGeneratorTest 675 - No active profile set, falling back to default profiles: default
2019-04-14 22:32:28,724 [main] WARN  o.m.s.mapper.ClassPathMapperScanner 44 - No MyBatis mapper was found in '[com.jason.web]' package. Please check your configuration.
2019-04-14 22:32:30,213 [main] INFO  o.s.s.c.ThreadPoolTaskExecutor 171 - Initializing ExecutorService 'applicationTaskExecutor'
2019-04-14 22:32:31,175 [main] INFO  c.a.d.s.b.a.DruidDataSourceAutoConfigure 56 - Init DruidDataSource
2019-04-14 22:32:31,597 [main] INFO  c.alibaba.druid.pool.DruidDataSource 930 - {dataSource-1} inited
2019-04-14 22:32:32,237 [main] INFO  com.jason.web.POJOGeneratorTest 59 - Started POJOGeneratorTest in 9.842 seconds (JVM running for 10.827)
2019-04-14 22:32:32,698 [Thread-3] INFO  c.alibaba.druid.pool.DruidDataSource 1825 - {dataSource-1} closed
2019-04-14 22:32:32,714 [Thread-3] INFO  o.s.s.c.ThreadPoolTaskExecutor 208 - Shutting down ExecutorService 'applicationTaskExecutor'
2019-04-14 22:39:31,304 [main] INFO  com.jason.web.POJOGeneratorTest 50 - Starting POJOGeneratorTest on Lenovo-PC with PID 2696 (started by meitao in C:\Users\meitao\Desktop\workspace\wisdom-union\wu-web)
2019-04-14 22:39:31,319 [main] INFO  com.jason.web.POJOGeneratorTest 675 - No active profile set, falling back to default profiles: default
2019-04-14 22:39:32,616 [main] WARN  o.m.s.mapper.ClassPathMapperScanner 44 - No MyBatis mapper was found in '[com.jason.web]' package. Please check your configuration.
2019-04-14 22:39:34,171 [main] INFO  o.s.s.c.ThreadPoolTaskExecutor 171 - Initializing ExecutorService 'applicationTaskExecutor'
2019-04-14 22:39:34,824 [main] INFO  c.a.d.s.b.a.DruidDataSourceAutoConfigure 56 - Init DruidDataSource
2019-04-14 22:39:35,435 [main] INFO  c.alibaba.druid.pool.DruidDataSource 930 - {dataSource-1} inited
2019-04-14 22:39:36,257 [main] INFO  com.jason.web.POJOGeneratorTest 59 - Started POJOGeneratorTest in 9.158 seconds (JVM running for 10.356)
2019-04-14 22:39:36,754 [Thread-3] INFO  c.alibaba.druid.pool.DruidDataSource 1825 - {dataSource-1} closed
2019-04-14 22:39:36,762 [Thread-3] INFO  o.s.s.c.ThreadPoolTaskExecutor 208 - Shutting down ExecutorService 'applicationTaskExecutor'
2019-04-14 22:41:44,479 [main] INFO  com.jason.web.POJOGeneratorTest 50 - Starting POJOGeneratorTest on Lenovo-PC with PID 4128 (started by meitao in C:\Users\meitao\Desktop\workspace\wisdom-union\wu-web)
2019-04-14 22:41:44,479 [main] INFO  com.jason.web.POJOGeneratorTest 675 - No active profile set, falling back to default profiles: default
2019-04-14 22:41:45,283 [main] WARN  o.m.s.mapper.ClassPathMapperScanner 44 - No MyBatis mapper was found in '[com.jason.web]' package. Please check your configuration.
2019-04-14 22:41:46,862 [main] INFO  o.s.s.c.ThreadPoolTaskExecutor 171 - Initializing ExecutorService 'applicationTaskExecutor'
2019-04-14 22:41:47,499 [main] INFO  c.a.d.s.b.a.DruidDataSourceAutoConfigure 56 - Init DruidDataSource
2019-04-14 22:41:47,968 [main] INFO  c.alibaba.druid.pool.DruidDataSource 930 - {dataSource-1} inited
2019-04-14 22:41:48,617 [main] INFO  com.jason.web.POJOGeneratorTest 59 - Started POJOGeneratorTest in 7.421 seconds (JVM running for 8.459)
2019-04-14 22:41:49,107 [Thread-3] INFO  c.alibaba.druid.pool.DruidDataSource 1825 - {dataSource-1} closed
2019-04-14 22:41:49,123 [Thread-3] INFO  o.s.s.c.ThreadPoolTaskExecutor 208 - Shutting down ExecutorService 'applicationTaskExecutor'
2019-04-14 22:44:30,059 [main] INFO  com.jason.web.POJOGeneratorTest 50 - Starting POJOGeneratorTest on Lenovo-PC with PID 5232 (started by meitao in C:\Users\meitao\Desktop\workspace\wisdom-union\wu-web)
2019-04-14 22:44:30,059 [main] INFO  com.jason.web.POJOGeneratorTest 675 - No active profile set, falling back to default profiles: default
2019-04-14 22:44:31,012 [main] WARN  o.m.s.mapper.ClassPathMapperScanner 44 - No MyBatis mapper was found in '[com.jason.web]' package. Please check your configuration.
2019-04-14 22:44:32,556 [main] INFO  o.s.s.c.ThreadPoolTaskExecutor 171 - Initializing ExecutorService 'applicationTaskExecutor'
2019-04-14 22:44:33,253 [main] INFO  c.a.d.s.b.a.DruidDataSourceAutoConfigure 56 - Init DruidDataSource
2019-04-14 22:44:33,831 [main] INFO  c.alibaba.druid.pool.DruidDataSource 930 - {dataSource-1} inited
2019-04-14 22:44:34,562 [main] INFO  com.jason.web.POJOGeneratorTest 59 - Started POJOGeneratorTest in 8.375 seconds (JVM running for 9.452)
2019-04-14 22:44:35,825 [Thread-3] INFO  c.alibaba.druid.pool.DruidDataSource 1825 - {dataSource-1} closed
2019-04-14 22:44:35,841 [Thread-3] INFO  o.s.s.c.ThreadPoolTaskExecutor 208 - Shutting down ExecutorService 'applicationTaskExecutor'
2019-04-14 22:59:13,174 [main] INFO  com.jason.web.POJOGeneratorTest 50 - Starting POJOGeneratorTest on Lenovo-PC with PID 4192 (started by meitao in C:\Users\meitao\Desktop\workspace\wisdom-union\wu-web)
2019-04-14 22:59:13,174 [main] INFO  com.jason.web.POJOGeneratorTest 675 - No active profile set, falling back to default profiles: default
2019-04-14 22:59:14,127 [main] WARN  o.m.s.mapper.ClassPathMapperScanner 44 - No MyBatis mapper was found in '[com.jason.web]' package. Please check your configuration.
2019-04-14 22:59:15,645 [main] INFO  o.s.s.c.ThreadPoolTaskExecutor 171 - Initializing ExecutorService 'applicationTaskExecutor'
2019-04-14 22:59:16,332 [main] INFO  c.a.d.s.b.a.DruidDataSourceAutoConfigure 56 - Init DruidDataSource
2019-04-14 22:59:16,832 [main] INFO  c.alibaba.druid.pool.DruidDataSource 930 - {dataSource-1} inited
2019-04-14 22:59:17,585 [main] INFO  com.jason.web.POJOGeneratorTest 59 - Started POJOGeneratorTest in 9.094 seconds (JVM running for 10.15)
2019-04-14 22:59:18,465 [Thread-3] INFO  c.alibaba.druid.pool.DruidDataSource 1825 - {dataSource-1} closed
2019-04-14 22:59:18,481 [Thread-3] INFO  o.s.s.c.ThreadPoolTaskExecutor 208 - Shutting down ExecutorService 'applicationTaskExecutor'
2019-04-14 23:01:51,816 [main] INFO  com.jason.web.POJOGeneratorTest 50 - Starting POJOGeneratorTest on Lenovo-PC with PID 6844 (started by meitao in C:\Users\meitao\Desktop\workspace\wisdom-union\wu-web)
2019-04-14 23:01:51,831 [main] INFO  com.jason.web.POJOGeneratorTest 675 - No active profile set, falling back to default profiles: default
2019-04-14 23:01:53,066 [main] WARN  o.m.s.mapper.ClassPathMapperScanner 44 - No MyBatis mapper was found in '[com.jason.web]' package. Please check your configuration.
2019-04-14 23:01:53,895 [main] WARN  o.s.w.c.s.GenericWebApplicationContext 557 - Exception encountered during context initialization - cancelling refresh attempt: org.springframework.beans.factory.UnsatisfiedDependencyException: Error creating bean with name 'subUserServiceImpl': Unsatisfied dependency expressed through field 'baseMapper'; nested exception is org.springframework.beans.factory.NoSuchBeanDefinitionException: No qualifying bean of type 'com.jason.web.mapper.SubUserMapper' available: expected at least 1 bean which qualifies as autowire candidate. Dependency annotations: {@org.springframework.beans.factory.annotation.Autowired(required=true)}
2019-04-14 23:01:53,910 [main] INFO  o.s.b.a.l.ConditionEvaluationReportLoggingListener 142 - 

Error starting ApplicationContext. To display the conditions report re-run your application with 'debug' enabled.
2019-04-14 23:02:54,154 [main] INFO  com.jason.web.POJOGeneratorTest 50 - Starting POJOGeneratorTest on Lenovo-PC with PID 1456 (started by meitao in C:\Users\meitao\Desktop\workspace\wisdom-union\wu-web)
2019-04-14 23:02:54,154 [main] INFO  com.jason.web.POJOGeneratorTest 675 - No active profile set, falling back to default profiles: default
2019-04-14 23:02:55,014 [main] WARN  o.m.s.mapper.ClassPathMapperScanner 44 - No MyBatis mapper was found in '[com.jason.web]' package. Please check your configuration.
2019-04-14 23:02:56,607 [main] INFO  o.s.s.c.ThreadPoolTaskExecutor 171 - Initializing ExecutorService 'applicationTaskExecutor'
2019-04-14 23:02:57,301 [main] INFO  c.a.d.s.b.a.DruidDataSourceAutoConfigure 56 - Init DruidDataSource
2019-04-14 23:02:57,770 [main] INFO  c.alibaba.druid.pool.DruidDataSource 930 - {dataSource-1} inited
2019-04-14 23:02:58,456 [main] INFO  com.jason.web.POJOGeneratorTest 59 - Started POJOGeneratorTest in 14.135 seconds (JVM running for 15.118)
2019-04-14 23:02:59,449 [Thread-3] INFO  c.alibaba.druid.pool.DruidDataSource 1825 - {dataSource-1} closed
2019-04-14 23:02:59,449 [Thread-3] INFO  o.s.s.c.ThreadPoolTaskExecutor 208 - Shutting down ExecutorService 'applicationTaskExecutor'
2019-04-14 23:09:08,026 [main] INFO  com.jason.web.POJOGeneratorTest 50 - Starting POJOGeneratorTest on Lenovo-PC with PID 3076 (started by meitao in C:\Users\meitao\Desktop\workspace\wisdom-union\wu-web)
2019-04-14 23:09:08,026 [main] INFO  com.jason.web.POJOGeneratorTest 675 - No active profile set, falling back to default profiles: default
2019-04-14 23:09:08,886 [main] WARN  o.m.s.mapper.ClassPathMapperScanner 44 - No MyBatis mapper was found in '[com.jason.web]' package. Please check your configuration.
2019-04-14 23:09:10,339 [main] INFO  o.s.s.c.ThreadPoolTaskExecutor 171 - Initializing ExecutorService 'applicationTaskExecutor'
2019-04-14 23:09:10,972 [main] INFO  c.a.d.s.b.a.DruidDataSourceAutoConfigure 56 - Init DruidDataSource
2019-04-14 23:09:11,440 [main] INFO  c.alibaba.druid.pool.DruidDataSource 930 - {dataSource-1} inited
2019-04-14 23:09:12,149 [main] INFO  com.jason.web.POJOGeneratorTest 59 - Started POJOGeneratorTest in 10.086 seconds (JVM running for 11.171)
2019-04-14 23:09:13,047 [Thread-3] INFO  c.alibaba.druid.pool.DruidDataSource 1825 - {dataSource-1} closed
2019-04-14 23:09:13,062 [Thread-3] INFO  o.s.s.c.ThreadPoolTaskExecutor 208 - Shutting down ExecutorService 'applicationTaskExecutor'
